<?xml version="1.0" encoding="UTF-8"?>
<!-- Generated by org.testng.reporters.JUnitReportReporter -->
<testsuite hostname="Christy-PC" failures="0" tests="1" name="JavaPackage.Assertion1" time="24.985" errors="0" timestamp="26 Jun 2021 08:17:25 GMT" skipped="0">
  <testcase classname="JavaPackage.Assertion1" name="testcase1" time="24.985"/>
</testsuite> <!-- JavaPackage.Assertion1 -->
