<?xml version="1.0" encoding="UTF-8"?>
<!-- Generated by org.testng.reporters.JUnitReportReporter -->
<testsuite hostname="Christy-PC" failures="0" tests="1" name="JavaPackage.TestNG2" time="0.036" errors="0" timestamp="25 Jun 2021 18:57:12 GMT" skipped="0">
  <testcase classname="JavaPackage.TestNG2" name="assertionCheck" time="0.036"/>
</testsuite> <!-- JavaPackage.TestNG2 -->
