<?xml version="1.0" encoding="UTF-8"?>
<!-- Generated by org.testng.reporters.JUnitReportReporter -->
<testsuite hostname="Christy-PC" failures="0" tests="4"
	name="JavaPackage.TestNG9" time="22.536" errors="0"
	timestamp="26 Jun 2021 07:05:21 GMT" skipped="0">
	<testcase classname="JavaPackage.TestNG9"
		name="entercredentials" time="5.352" />
	<testcase classname="JavaPackage.TestNG9"
		name="entercredentials" time="5.551" />
	<testcase classname="JavaPackage.TestNG9"
		name="entercredentials" time="6.231" />
	<testcase classname="JavaPackage.TestNG9"
		name="entercredentials" time="5.402" />
</testsuite> <!-- JavaPackage.TestNG9 -->
