<?xml version="1.0" encoding="UTF-8"?>
<!-- Generated by org.testng.reporters.JUnitReportReporter -->
<testsuite hostname="Christy-PC" failures="0" tests="2"
	name="JavaPackage.TestNG8" time="17.657" errors="0"
	timestamp="25 Jun 2021 18:41:22 GMT" skipped="0">
	<testcase classname="JavaPackage.TestNG8"
		name="entercredentials" time="6.687" />
	<testcase classname="JavaPackage.TestNG8"
		name="entercredentials" time="10.970" />
</testsuite> <!-- JavaPackage.TestNG8 -->
