<?xml version="1.0" encoding="UTF-8"?>
<!-- Generated by org.testng.reporters.JUnitReportReporter -->
<testsuite hostname="Christy-PC" failures="0" tests="3"
	name="JavaPackage.TestNG6" time="0.016" errors="0"
	timestamp="24 Jun 2021 15:58:40 GMT" skipped="0">
	<testcase classname="JavaPackage.TestNG6" name="a"
		time="0.016" />
	<testcase classname="JavaPackage.TestNG6" name="b"
		time="0.000" />
	<testcase classname="JavaPackage.TestNG6" name="b"
		time="0.000" />
</testsuite> <!-- JavaPackage.TestNG6 -->
