<?xml version="1.0" encoding="UTF-8"?>
<!-- Generated by org.testng.reporters.JUnitReportReporter -->
<testsuite hostname="Christy-PC" failures="0" tests="5"
	name="JavaPackage.TestNG5" time="0.030" errors="0"
	timestamp="24 Jun 2021 15:52:19 GMT" skipped="2">
	<testcase classname="JavaPackage.TestNG5" name="c"
		time="0.000" />
	<testcase classname="JavaPackage.TestNG5" name="e"
		time="0.015">
		<skipped />
	</testcase> <!-- e -->
	<testcase classname="JavaPackage.TestNG5" name="a"
		time="0.015" />
	<testcase classname="JavaPackage.TestNG5" name="c"
		time="0.000" />
	<testcase classname="JavaPackage.TestNG5" name="b">
		<skipped />
	</testcase> <!-- b -->
</testsuite> <!-- JavaPackage.TestNG5 -->
